[0m07:52:52.484439 [debug] [MainThread]: Sending event: {'category': 'dbt', 'action': 'invocation', 'label': 'start', 'context': [<snowplow_tracker.self_describing_json.SelfDescribingJson object at 0x104aab0e0>, <snowplow_tracker.self_describing_json.SelfDescribingJson object at 0x10671b4d0>, <snowplow_tracker.self_describing_json.SelfDescribingJson object at 0x10671b610>]}


============================== 07:52:52.486942 | 15fa6e5c-333b-4394-9fdf-d1412fc2da38 ==============================
[0m07:52:52.486942 [info ] [MainThread]: Running with dbt=1.11.2
[0m07:52:52.487229 [debug] [MainThread]: running dbt with arguments {'debug': 'False', 'log_format': 'default', 'empty': 'None', 'introspect': 'True', 'quiet': 'False', 'version_check': 'True', 'target_path': 'None', 'send_anonymous_usage_stats': 'True', 'partial_parse': 'True', 'cache_selected_only': 'False', 'use_experimental_parser': 'False', 'profiles_dir': '/Users/pictus/.dbt', 'log_path': 'logs', 'invocation_command': 'dbt init --skip-profile-setup airbnb', 'fail_fast': 'False', 'no_print': 'None', 'warn_error': 'None', 'indirect_selection': 'eager', 'printer_width': '80', 'warn_error_options': 'WarnErrorOptionsV2(error=[], warn=[], silence=[])', 'use_colors': 'True', 'log_cache_events': 'False', 'write_json': 'True', 'static_parser': 'True'}
[0m07:52:52.515961 [debug] [MainThread]: Starter project path: /Users/pictus/Desktop/learn-dbt/dbt/.venv/lib/python3.13/site-packages/dbt/include/starter_project
[0m07:52:52.518421 [info ] [MainThread]: 
Your new dbt project "airbnb" was created!

For more information on how to configure the profiles.yml file,
please consult the dbt documentation here:

  https://docs.getdbt.com/docs/configure-your-profile

One more thing:

Need help? Don't hesitate to reach out to us via GitHub issues or on Slack:

  https://community.getdbt.com/

Happy modeling!

[0m07:52:52.521360 [debug] [MainThread]: Resource report: {"command_name": "init", "command_success": true, "command_wall_clock_time": 0.07604688, "process_in_blocks": "0", "process_kernel_time": 0.114395, "process_mem_max_rss": "113491968", "process_out_blocks": "0", "process_user_time": 0.635705}
[0m07:52:52.521643 [debug] [MainThread]: Command `dbt init` succeeded at 07:52:52.521596 after 0.08 seconds
[0m07:52:52.521804 [debug] [MainThread]: Sending event: {'category': 'dbt', 'action': 'invocation', 'label': 'end', 'context': [<snowplow_tracker.self_describing_json.SelfDescribingJson object at 0x1068503e0>, <snowplow_tracker.self_describing_json.SelfDescribingJson object at 0x10684fad0>, <snowplow_tracker.self_describing_json.SelfDescribingJson object at 0x1065a3ac0>]}
[0m07:52:52.521982 [debug] [MainThread]: Flushing usage events
[0m07:52:53.341932 [debug] [MainThread]: An error was encountered while trying to flush usage events
[0m07:54:30.580778 [debug] [MainThread]: Sending event: {'category': 'dbt', 'action': 'invocation', 'label': 'start', 'context': [<snowplow_tracker.self_describing_json.SelfDescribingJson object at 0x10b2470e0>, <snowplow_tracker.self_describing_json.SelfDescribingJson object at 0x10cf1b4d0>, <snowplow_tracker.self_describing_json.SelfDescribingJson object at 0x10cf1b610>]}


============================== 07:54:30.583658 | 4d1751ee-fba6-4fc0-a0ee-bcc023d4fefa ==============================
[0m07:54:30.583658 [info ] [MainThread]: Running with dbt=1.11.2
[0m07:54:30.583946 [debug] [MainThread]: running dbt with arguments {'printer_width': '80', 'version_check': 'True', 'no_print': 'None', 'indirect_selection': 'eager', 'log_format': 'default', 'profiles_dir': '/Users/pictus/.dbt', 'log_path': 'logs', 'partial_parse': 'True', 'use_experimental_parser': 'False', 'log_cache_events': 'False', 'send_anonymous_usage_stats': 'True', 'warn_error': 'None', 'static_parser': 'True', 'write_json': 'True', 'quiet': 'False', 'use_colors': 'True', 'target_path': 'None', 'invocation_command': 'dbt debug', 'introspect': 'True', 'empty': 'None', 'warn_error_options': 'WarnErrorOptionsV2(error=[], warn=[], silence=[])', 'cache_selected_only': 'False', 'debug': 'False', 'fail_fast': 'False'}
[0m07:54:30.595230 [info ] [MainThread]: dbt version: 1.11.2
[0m07:54:30.595464 [info ] [MainThread]: python version: 3.13.12
[0m07:54:30.595595 [info ] [MainThread]: python path: /Users/pictus/Desktop/learn-dbt/dbt/.venv/bin/python
[0m07:54:30.595718 [info ] [MainThread]: os info: macOS-15.7.3-arm64-arm-64bit-Mach-O
[0m07:54:30.598132 [info ] [MainThread]: Error importing adapter: No module named 'dbt.adapters.postgres'
[0m07:54:30.598378 [info ] [MainThread]: Using profiles dir at /Users/pictus/.dbt
[0m07:54:30.598506 [info ] [MainThread]: Using profiles.yml file at /Users/pictus/.dbt/profiles.yml
[0m07:54:30.598623 [info ] [MainThread]: Using dbt_project.yml file at /Users/pictus/Desktop/learn-dbt/dbt/dbt_project.yml
[0m07:54:30.598752 [info ] [MainThread]: Configuration:
[0m07:54:30.598867 [info ] [MainThread]:   profiles.yml file [[31mERROR invalid[0m]
[0m07:54:30.598979 [info ] [MainThread]:   dbt_project.yml file [[31mERROR not found[0m]
[0m07:54:30.599093 [info ] [MainThread]: Required dependencies:
[0m07:54:30.599243 [debug] [MainThread]: Executing "git --help"
[0m07:54:30.607415 [debug] [MainThread]: STDOUT: "b"usage: git [-v | --version] [-h | --help] [-C <path>] [-c <name>=<value>]\n           [--exec-path[=<path>]] [--html-path] [--man-path] [--info-path]\n           [-p | --paginate | -P | --no-pager] [--no-replace-objects] [--no-lazy-fetch]\n           [--no-optional-locks] [--no-advice] [--bare] [--git-dir=<path>]\n           [--work-tree=<path>] [--namespace=<name>] [--config-env=<name>=<envvar>]\n           <command> [<args>]\n\nThese are common Git commands used in various situations:\n\nstart a working area (see also: git help tutorial)\n   clone      Clone a repository into a new directory\n   init       Create an empty Git repository or reinitialize an existing one\n\nwork on the current change (see also: git help everyday)\n   add        Add file contents to the index\n   mv         Move or rename a file, a directory, or a symlink\n   restore    Restore working tree files\n   rm         Remove files from the working tree and from the index\n\nexamine the history and state (see also: git help revisions)\n   bisect     Use binary search to find the commit that introduced a bug\n   diff       Show changes between commits, commit and working tree, etc\n   grep       Print lines matching a pattern\n   log        Show commit logs\n   show       Show various types of objects\n   status     Show the working tree status\n\ngrow, mark and tweak your common history\n   backfill   Download missing objects in a partial clone\n   branch     List, create, or delete branches\n   commit     Record changes to the repository\n   merge      Join two or more development histories together\n   rebase     Reapply commits on top of another base tip\n   reset      Reset current HEAD to the specified state\n   switch     Switch branches\n   tag        Create, list, delete or verify a tag object signed with GPG\n\ncollaborate (see also: git help workflows)\n   fetch      Download objects and refs from another repository\n   pull       Fetch from and integrate with another repository or a local branch\n   push       Update remote refs along with associated objects\n\n'git help -a' and 'git help -g' list available subcommands and some\nconcept guides. See 'git help <command>' or 'git help <concept>'\nto read about a specific subcommand or concept.\nSee 'git help git' for an overview of the system.\n""
[0m07:54:30.607824 [debug] [MainThread]: STDERR: "b''"
[0m07:54:30.607974 [info ] [MainThread]:  - git [[32mOK found[0m]

[0m07:54:30.608117 [info ] [MainThread]: Connection test skipped since no profile was found
[0m07:54:30.608329 [info ] [MainThread]: [31m2 checks failed:[0m
[0m07:54:30.608450 [info ] [MainThread]: Could not load dbt_project.yml
Profile loading failed for the following reason:
Runtime Error
  Credentials in profile "staffino_demo", target "dev" invalid: Runtime Error
    Could not find adapter type postgres!


[0m07:54:30.608572 [info ] [MainThread]: Project loading failed for the following reason:
 project path </Users/pictus/Desktop/learn-dbt/dbt/dbt_project.yml> not found

[0m07:54:30.610672 [debug] [MainThread]: Resource report: {"command_name": "debug", "command_success": false, "command_wall_clock_time": 0.071452126, "process_in_blocks": "0", "process_kernel_time": 0.122435, "process_mem_max_rss": "109608960", "process_out_blocks": "0", "process_user_time": 0.667712}
[0m07:54:30.611101 [debug] [MainThread]: Command `dbt debug` failed at 07:54:30.610987 after 0.07 seconds
[0m07:54:30.611412 [debug] [MainThread]: Sending event: {'category': 'dbt', 'action': 'invocation', 'label': 'end', 'context': [<snowplow_tracker.self_describing_json.SelfDescribingJson object at 0x10d90d0f0>, <snowplow_tracker.self_describing_json.SelfDescribingJson object at 0x10cfe3ad0>, <snowplow_tracker.self_describing_json.SelfDescribingJson object at 0x10cfe6be0>]}
[0m07:54:30.611644 [debug] [MainThread]: Flushing usage events
[0m07:54:31.441605 [debug] [MainThread]: An error was encountered while trying to flush usage events
[0m08:29:18.934528 [debug] [MainThread]: Sending event: {'category': 'dbt', 'action': 'invocation', 'label': 'start', 'context': [<snowplow_tracker.self_describing_json.SelfDescribingJson object at 0x1078e70e0>, <snowplow_tracker.self_describing_json.SelfDescribingJson object at 0x1094234d0>, <snowplow_tracker.self_describing_json.SelfDescribingJson object at 0x109423610>]}


============================== 08:29:18.938363 | 3c3b0073-9269-457c-b668-60cd87a8d6fb ==============================
[0m08:29:18.938363 [info ] [MainThread]: Running with dbt=1.11.2
[0m08:29:18.938663 [debug] [MainThread]: running dbt with arguments {'log_format': 'default', 'use_experimental_parser': 'False', 'target_path': 'None', 'no_print': 'None', 'warn_error_options': 'WarnErrorOptionsV2(error=[], warn=[], silence=[])', 'empty': 'False', 'introspect': 'True', 'cache_selected_only': 'False', 'warn_error': 'None', 'indirect_selection': 'eager', 'send_anonymous_usage_stats': 'True', 'debug': 'False', 'static_parser': 'True', 'fail_fast': 'False', 'write_json': 'True', 'version_check': 'True', 'log_cache_events': 'False', 'printer_width': '80', 'quiet': 'False', 'use_colors': 'True', 'partial_parse': 'True', 'profiles_dir': '/Users/pictus/.dbt', 'log_path': 'logs', 'invocation_command': 'dbt run'}
[0m08:29:18.938972 [error] [MainThread]: Encountered an error:
Runtime Error
  No dbt_project.yml found at expected path /Users/pictus/Desktop/learn-dbt/dbt/dbt_project.yml
  Verify that each entry within packages.yml (and their transitive dependencies) contains a file named dbt_project.yml
  
[0m08:29:18.941811 [debug] [MainThread]: Resource report: {"command_name": "run", "command_success": false, "command_wall_clock_time": 0.053234417, "process_in_blocks": "0", "process_kernel_time": 0.22221, "process_mem_max_rss": "107298816", "process_out_blocks": "0", "process_user_time": 0.69839}
[0m08:29:18.942229 [debug] [MainThread]: Command `dbt run` failed at 08:29:18.942178 after 0.05 seconds
[0m08:29:18.942408 [debug] [MainThread]: Sending event: {'category': 'dbt', 'action': 'invocation', 'label': 'end', 'context': [<snowplow_tracker.self_describing_json.SelfDescribingJson object at 0x109426d70>, <snowplow_tracker.self_describing_json.SelfDescribingJson object at 0x1092db2f0>, <snowplow_tracker.self_describing_json.SelfDescribingJson object at 0x1092a3ac0>]}
[0m08:29:18.942582 [debug] [MainThread]: Flushing usage events
[0m08:29:19.713801 [debug] [MainThread]: An error was encountered while trying to flush usage events
[0m09:56:27.060559 [debug] [MainThread]: Sending event: {'category': 'dbt', 'action': 'invocation', 'label': 'start', 'context': [<snowplow_tracker.self_describing_json.SelfDescribingJson object at 0x112beb0e0>, <snowplow_tracker.self_describing_json.SelfDescribingJson object at 0x1146234d0>, <snowplow_tracker.self_describing_json.SelfDescribingJson object at 0x114623610>]}


============================== 09:56:27.064124 | dccc262d-e5bc-4e29-9c46-6f6488d690fc ==============================
[0m09:56:27.064124 [info ] [MainThread]: Running with dbt=1.11.2
[0m09:56:27.064435 [debug] [MainThread]: running dbt with arguments {'empty': 'False', 'profiles_dir': '/Users/pictus/.dbt', 'write_json': 'True', 'cache_selected_only': 'False', 'introspect': 'True', 'static_parser': 'True', 'use_experimental_parser': 'False', 'log_format': 'default', 'version_check': 'True', 'invocation_command': 'dbt run', 'no_print': 'None', 'log_cache_events': 'False', 'partial_parse': 'True', 'warn_error': 'None', 'use_colors': 'True', 'debug': 'False', 'printer_width': '80', 'warn_error_options': 'WarnErrorOptionsV2(error=[], warn=[], silence=[])', 'log_path': 'logs', 'fail_fast': 'False', 'send_anonymous_usage_stats': 'True', 'indirect_selection': 'eager', 'target_path': 'None', 'quiet': 'False'}
[0m09:56:27.064734 [error] [MainThread]: Encountered an error:
Runtime Error
  No dbt_project.yml found at expected path /Users/pictus/Desktop/learn-dbt/dbt/dbt_project.yml
  Verify that each entry within packages.yml (and their transitive dependencies) contains a file named dbt_project.yml
  
[0m09:56:27.066361 [debug] [MainThread]: Resource report: {"command_name": "run", "command_success": false, "command_wall_clock_time": 0.048078, "process_in_blocks": "0", "process_kernel_time": 0.144508, "process_mem_max_rss": "107216896", "process_out_blocks": "0", "process_user_time": 0.683277}
[0m09:56:27.066695 [debug] [MainThread]: Command `dbt run` failed at 09:56:27.066640 after 0.05 seconds
[0m09:56:27.066902 [debug] [MainThread]: Sending event: {'category': 'dbt', 'action': 'invocation', 'label': 'end', 'context': [<snowplow_tracker.self_describing_json.SelfDescribingJson object at 0x114626d70>, <snowplow_tracker.self_describing_json.SelfDescribingJson object at 0x1144e32f0>, <snowplow_tracker.self_describing_json.SelfDescribingJson object at 0x1144a3ac0>]}
[0m09:56:27.067074 [debug] [MainThread]: Flushing usage events
[0m09:56:30.011582 [debug] [MainThread]: An error was encountered while trying to flush usage events
